p/Image_50.jpg 1 0 0 610 813
p/Image_49.jpg 1 0 0 920 654
p/Image_48.png 1 0 0 1200 681
p/Image_47.jpg 1 0 0 640 360
p/Image_46.jpg 1 0 0 1170 646
p/Image_45.jpg 1 0 0 1200 630
p/Image_44.jpg 1 0 0 1920 1280
p/Image_43.jpg 1 0 0 1280 720
p/Image_42.jpg 1 0 0 480 270
p/Image_41.jpg 1 0 0 1920 1200
p/Image_40.jpg 1 0 0 1200 800
p/Image_39.jpg 1 0 0 1241 907
p/Image_38.jpg 1 0 0 1920 1210
p/Image_37.jpg 1 0 0 741 581
p/Image_36.jpg 1 0 0 338 450
p/Image_35.jpg 1 0 0 1323 1071
p/Image_34.jpg 1 0 0 2560 1600
p/Image_33.jpg 1 0 0 1022 734
p/Image_32.jpg 1 0 0 1280 720
p/Image_31.jpg 1 0 0 1920 1200
p/Image_30.jpg 1 0 0 960 585
p/Image_29.jpg 1 0 0 425 283
p/Image_28.jpg 1 0 0 1280 720
p/Image_27.jpg 1 0 0 768 576
p/Image_26.jpg 1 0 0 480 720
p/Image_25.jpg 1 0 0 640 400
p/Image_24.jpg 1 0 0 1200 800
p/Image_23.jpg 1 0 0 1024 768
p/Image_22.jpg 1 0 0 1200 671
p/Image_21.jpg 1 0 0 920 517
p/Image_20.jpg 1 0 0 1500 844
p/Image_19.jpg 1 0 0 800 529
p/Image_18.jpg 1 0 0 920 690
p/Image_17.jpg 1 0 0 1280 720
p/Image_16.jpg 1 0 0 920 488
p/Image_15.jpg 1 0 0 1992 2016
p/Image_14.jpg 1 0 0 600 400
p/Image_13.jpg 1 0 0 960 558
p/Image_12.jpg 1 0 0 920 806
p/Image_11.jpg 1 0 0 478 720
p/Image_10.jpg 1 0 0 600 400
p/Image_9.jpg 1 0 0 920 625
p/Image_8.jpg 1 0 0 919 612
p/Image_7.jpg 1 0 0 610 813
p/Image_6.jpg 1 0 0 920 654
p/Image_5.png 1 0 0 1200 681
p/Image_4.jpg 1 0 0 640 360
p/Image_3.jpg 1 0 0 2048 1152
p/Image_2.jpg 1 0 0 1170 646
p/Image_1.jpg 1 0 0 1200 630