p/Image_50.jpg 1 0 0 1125 1500
p/Image_49.jpg 1 0 0 500 500
p/Image_48.jpg 1 0 0 640 427
p/Image_47.jpg 1 0 0 1024 768
p/Image_46.jpg 1 0 0 960 1336
p/Image_45.jpg 1 0 0 500 667
p/Image_44.jpg 1 0 0 600 450
p/Image_43.jpg 1 0 0 450 600
p/Image_42.jpg 1 0 0 2610 4640
p/Image_41.jpg 1 0 0 800 1067
p/Image_40.jpg 1 0 0 600 400
p/Image_39.jpg 1 0 0 375 500
p/Image_38.jpg 1 0 0 350 450
p/Image_37.jpg 1 0 0 400 569
p/Image_36.jpg 1 0 0 500 737
p/Image_35.jpg 1 0 0 600 900
p/Image_34.jpg 1 0 0 400 300
p/Image_33.jpg 1 0 0 682 1024
p/Image_32.jpg 1 0 0 736 1125
p/Image_31.jpg 1 0 0 240 320
p/Image_30.jpg 1 0 0 600 400
p/Image_29.jpg 1 0 0 180 270
p/Image_28.jpg 1 0 0 400 558
p/Image_27.jpg 1 0 0 960 645
p/Image_26.jpg 1 0 0 200 267
p/Image_25.jpg 1 0 0 365 600
p/Image_24.jpg 1 0 0 1280 720
p/Image_23.jpg 1 0 0 500 667
p/Image_22.jpg 1 0 0 960 1280
p/Image_21.jpg 1 0 0 597 800
p/Image_20.jpg 1 0 0 1536 2048
p/Image_19.jpg 1 0 0 1200 1802
p/Image_18.jpg 1 0 0 300 402
p/Image_17.jpg 1 0 0 1024 768
p/Image_16.jpg 1 0 0 960 720
p/Image_15.jpg 1 0 0 960 640
p/Image_14.jpg 1 0 0 591 390
p/Image_13.jpg 1 0 0 600 800
p/Image_12.jpg 1 0 0 960 1337
p/Image_11.jpg 1 0 0 662 1024
p/Image_10.jpg 1 0 0 335 448
p/Image_9.jpg 1 0 0 700 1050
p/Image_8.jpg 1 0 0 1599 1066
p/Image_7.jpg 1 0 0 1000 665
p/Image_6.jpg 1 0 0 740 497
p/Image_5.jpg 1 0 0 1000 750
p/Image_4.jpg 1 0 0 1024 768
p/Image_3.jpg 1 0 0 600 390
p/Image_2.jpg 1 0 0 660 990
p/Image_1.jpg 1 0 0 1125 1500