p/Image_50.jpg 1 0 0 1280 1706
p/Image_49.jpg 1 0 0 1200 1600
p/Image_48.jpg 1 0 0 300 400
p/Image_47.jpg 1 0 0 750 1000
p/Image_46.jpg 1 0 0 965 1286
p/Image_45.jpg 1 0 0 1480 2000
p/Image_44.jpg 1 0 0 1600 1200
p/Image_43.jpg 1 0 0 320 480
p/Image_42.jpg 1 0 0 500 667
p/Image_41.jpg 1 0 0 600 800
p/Image_40.jpg 1 0 0 938 1024
p/Image_39.jpg 1 0 0 768 1024
p/Image_38.jpg 1 0 0 750 1000
p/Image_37.jpg 1 0 0 1050 1423
p/Image_36.jpg 1 0 0 875 581
p/Image_35.jpg 1 0 0 745 1000
p/Image_34.jpg 1 0 0 250 400
p/Image_33.jpg 1 0 0 600 800
p/Image_32.jpg 1 0 0 500 752
p/Image_31.jpg 1 0 0 1800 1200
p/Image_30.jpg 1 0 0 768 1024
p/Image_29.jpg 1 0 0 302 302
p/Image_28.jpg 1 0 0 1600 1777
p/Image_27.jpg 1 0 0 528 650
p/Image_26.jpg 1 0 0 501 701
p/Image_25.jpg 1 0 0 480 640
p/Image_24.jpg 1 0 0 400 600
p/Image_23.jpg 1 0 0 1080 1736
p/Image_22.jpg 1 0 0 736 1103
p/Image_21.png 1 0 0 264 463
p/Image_20.jpg 1 0 0 371 260
p/Image_19.jpg 1 0 0 1308 2060
p/Image_18.jpg 1 0 0 277 388
p/Image_17.png 1 0 0 315 420
p/Image_16.jpg 1 0 0 1400 1050
p/Image_15.jpg 1 0 0 1280 1920
p/Image_14.jpg 1 0 0 1667 2500
p/Image_13.jpg 1 0 0 4272 2848
p/Image_12.jpg 1 0 0 1043 740
p/Image_11.jpg 1 0 0 1500 1001
p/Image_10.jpg 1 0 0 734 1101
p/Image_9.jpg 1 0 0 675 900
p/Image_8.jpeg 1 0 0 1721 1144
p/Image_7.jpg 1 0 0 509 679
p/Image_6.jpg 1 0 0 148 320
p/Image_5.jpg 1 0 0 2000 1494
p/Image_4.jpg 1 0 0 800 1142
p/Image_3.jpg 1 0 0 647 900
p/Image_2.jpg 1 0 0 1280 1706
p/Image_1.jpg 1 0 0 1200 1600