p/Image_50.jpg 1 0 0 600 401
p/Image_49.jpg 1 0 0 1280 800
p/Image_48.jpg 1 0 0 3200 1800
p/Image_47.jpg 1 0 0 2457 1536
p/Image_46.jpg 1 0 0 880 1205
p/Image_45.jpg 1 0 0 300 300
p/Image_44.jpg 1 0 0 720 1000
p/Image_43.jpg 1 0 0 655 655
p/Image_42.jpg 1 0 0 1000 667
p/Image_41.jpg 1 0 0 700 368
p/Image_40.jpg 1 0 0 247 350
p/Image_39.jpg 1 0 0 400 250
p/Image_38.jpg 1 0 0 250 422
p/Image_37.jpg 1 0 0 915 687
p/Image_36.jpg 1 0 0 720 540
p/Image_35.jpg 1 0 0 1900 1259
p/Image_34.jpg 1 0 0 185 260
p/Image_33.jpg 1 0 0 1200 900
p/Image_32.jpg 1 0 0 767 375
p/Image_31.jpg 1 0 0 4000 3000
p/Image_30.jpg 1 0 0 667 1000
p/Image_29.jpg 1 0 0 450 510
p/Image_28.jpg 1 0 0 640 640
p/Image_27.jpg 1 0 0 635 445
p/Image_26.jpg 1 0 0 1200 900
p/Image_25.jpg 1 0 0 683 1024
p/Image_24.jpg 1 0 0 1200 630
p/Image_23.jpg 1 0 0 1600 1200
p/Image_22.jpg 1 0 0 640 960
p/Image_21.jpg 1 0 0 1366 768
p/Image_20.jpg 1 0 0 1024 857
p/Image_19.jpg 1 0 0 225 335
p/Image_18.png 1 0 0 2208 1242
p/Image_17.jpg 1 0 0 700 700
p/Image_16.jpg 1 0 0 650 432
p/Image_15.jpg 1 0 0 2560 1440
p/Image_14.jpg 1 0 0 900 1032
p/Image_13.jpg 1 0 0 1040 500
p/Image_12.jpg 1 0 0 384 512
p/Image_11.jpg 1 0 0 720 410
p/Image_10.jpg 1 0 0 620 652
p/Image_9.jpg 1 0 0 640 290
p/Image_8.jpg 1 0 0 1080 1080
p/Image_7.jpg 1 0 0 960 625
p/Image_6.jpg 1 0 0 3008 2000
p/Image_5.jpg 1 0 0 600 401
p/Image_4.jpg 1 0 0 1280 800
p/Image_3.jpg 1 0 0 3200 1800
p/Image_2.jpg 1 0 0 2457 1536
p/Image_1.jpg 1 0 0 880 1205